#! /storage-home/p/pjv/326/Verilog/bin/vvp
:ivl_version "0.10.0 (devel)" "(s20090923)";
:vpi_time_precision - 9;
:vpi_module "system";
:vpi_module "v2005_math";
:vpi_module "va_math";
S_0x17fad90 .scope module, "branch_testbench" "branch_testbench" 2 2;
 .timescale -9 -9;
P_0x18239d8 .param/l "NUM_INSTRUCTIONS" 2 4, +C4<01001>;
L_0x184f0d0 .functor OR 1, L_0x184fad0, L_0x1850070, C4<0>, C4<0>;
v0x184c620 .array "INSTRUCTION", 0 31, 15 0;
v0x184c9b0_0 .net "addi", 0 0, L_0x184fc20; 1 drivers
v0x184ca80_0 .net "alu_borrow_in", 0 0, v0x1847860_0; 1 drivers
v0x184cb50_0 .net "alu_borrow_out", 0 0, L_0x184df70; 1 drivers
v0x184cc20_0 .net "alu_carry_in", 0 0, v0x1847900_0; 1 drivers
v0x184cca0_0 .net "alu_carry_out", 0 0, L_0x1849520; 1 drivers
v0x184cdb0_0 .net "alu_func", 2 0, L_0x184eb50; 1 drivers
v0x184ce80_0 .net "alu_result", 15 0, v0x1848a00_0; 1 drivers
v0x184cf50_0 .net "arith_1op", 0 0, L_0x184f580; 1 drivers
v0x184d020_0 .net "arith_2op", 0 0, L_0x184f410; 1 drivers
v0x184d100_0 .net "branch_carry", 0 0, L_0x1850660; 1 drivers
v0x184d1d0_0 .net "branch_eq", 0 0, L_0x1850280; 1 drivers
v0x184d310_0 .net "branch_ge", 0 0, L_0x1850360; 1 drivers
v0x184d3e0_0 .net "branch_le", 0 0, L_0x1850530; 1 drivers
v0x184d530_0 .net "destination_reg", 2 0, L_0x184ea10; 1 drivers
v0x184d5b0_0 .net "halt_cmd", 0 0, L_0x1851460; 1 drivers
v0x184d460_0 .var/i "i", 31 0;
v0x184d6c0_0 .net "immediate", 11 0, L_0x184f290; 1 drivers
v0x184d630_0 .var "instruction", 15 0;
v0x184d7e0_0 .net "is_branch_taken", 0 0, v0x18472e0_0; 1 drivers
v0x184d740_0 .net "jump", 0 0, L_0x1850490; 1 drivers
v0x184d910_0 .net "load", 0 0, L_0x184fad0; 1 drivers
v0x184d860_0 .net "movi_higher", 0 0, L_0x184f670; 1 drivers
v0x184da50_0 .net "movi_lower", 0 0, L_0x184f800; 1 drivers
v0x184d990_0 .net "reg1_data", 15 0, L_0x18523d0; 1 drivers
v0x184dba0_0 .net "reg2_data", 15 0, L_0x184dca0; 1 drivers
v0x184dad0_0 .net "rst_cmd", 0 0, L_0x1851890; 1 drivers
v0x184dd00_0 .net "source_reg1", 2 0, L_0x184eea0; 1 drivers
v0x184dc20_0 .net "source_reg2", 2 0, L_0x184f150; 1 drivers
v0x184de70_0 .net "stb_cmd", 0 0, L_0x1851020; 1 drivers
v0x184ddd0_0 .net "stc_cmd", 0 0, L_0x184fdd0; 1 drivers
v0x184e040_0 .net "store", 0 0, L_0x1850070; 1 drivers
v0x184def0_0 .net "subi", 0 0, L_0x184fe30; 1 drivers
v0x184c620_0 .array/port v0x184c620, 0;
v0x184c620_1 .array/port v0x184c620, 1;
v0x184c620_2 .array/port v0x184c620, 2;
E_0x182ac70/0 .event edge, v0x184d460_0, v0x184c620_0, v0x184c620_1, v0x184c620_2;
v0x184c620_3 .array/port v0x184c620, 3;
v0x184c620_4 .array/port v0x184c620, 4;
v0x184c620_5 .array/port v0x184c620, 5;
v0x184c620_6 .array/port v0x184c620, 6;
E_0x182ac70/1 .event edge, v0x184c620_3, v0x184c620_4, v0x184c620_5, v0x184c620_6;
v0x184c620_7 .array/port v0x184c620, 7;
v0x184c620_8 .array/port v0x184c620, 8;
v0x184c620_9 .array/port v0x184c620, 9;
v0x184c620_10 .array/port v0x184c620, 10;
E_0x182ac70/2 .event edge, v0x184c620_7, v0x184c620_8, v0x184c620_9, v0x184c620_10;
v0x184c620_11 .array/port v0x184c620, 11;
v0x184c620_12 .array/port v0x184c620, 12;
v0x184c620_13 .array/port v0x184c620, 13;
v0x184c620_14 .array/port v0x184c620, 14;
E_0x182ac70/3 .event edge, v0x184c620_11, v0x184c620_12, v0x184c620_13, v0x184c620_14;
v0x184c620_15 .array/port v0x184c620, 15;
v0x184c620_16 .array/port v0x184c620, 16;
v0x184c620_17 .array/port v0x184c620, 17;
v0x184c620_18 .array/port v0x184c620, 18;
E_0x182ac70/4 .event edge, v0x184c620_15, v0x184c620_16, v0x184c620_17, v0x184c620_18;
v0x184c620_19 .array/port v0x184c620, 19;
v0x184c620_20 .array/port v0x184c620, 20;
v0x184c620_21 .array/port v0x184c620, 21;
v0x184c620_22 .array/port v0x184c620, 22;
E_0x182ac70/5 .event edge, v0x184c620_19, v0x184c620_20, v0x184c620_21, v0x184c620_22;
v0x184c620_23 .array/port v0x184c620, 23;
v0x184c620_24 .array/port v0x184c620, 24;
v0x184c620_25 .array/port v0x184c620, 25;
v0x184c620_26 .array/port v0x184c620, 26;
E_0x182ac70/6 .event edge, v0x184c620_23, v0x184c620_24, v0x184c620_25, v0x184c620_26;
v0x184c620_27 .array/port v0x184c620, 27;
v0x184c620_28 .array/port v0x184c620, 28;
v0x184c620_29 .array/port v0x184c620, 29;
v0x184c620_30 .array/port v0x184c620, 30;
E_0x182ac70/7 .event edge, v0x184c620_27, v0x184c620_28, v0x184c620_29, v0x184c620_30;
v0x184c620_31 .array/port v0x184c620, 31;
E_0x182ac70/8 .event edge, v0x184c620_31, v0x184baa0_0, v0x1848960_0, v0x184bb60_0;
E_0x182ac70/9 .event edge, v0x1848090_0, v0x1848110_0, v0x184ba20_0, v0x1848be0_0;
E_0x182ac70/10 .event edge, v0x1848b40_0, v0x184bd80_0, v0x184bce0_0, v0x18488c0_0;
E_0x182ac70/11 .event edge, v0x1849580_0, v0x184bc60_0, v0x184c1f0_0, v0x18470f0_0;
E_0x182ac70/12 .event edge, v0x1847190_0, v0x1847240_0, v0x1847050_0, v0x184be40_0;
E_0x182ac70/13 .event edge, v0x18492d0_0, v0x1849420_0, v0x184b9a0_0, v0x184bec0_0;
E_0x182ac70/14 .event edge, v0x1847460_0;
E_0x182ac70 .event/or E_0x182ac70/0, E_0x182ac70/1, E_0x182ac70/2, E_0x182ac70/3, E_0x182ac70/4, E_0x182ac70/5, E_0x182ac70/6, E_0x182ac70/7, E_0x182ac70/8, E_0x182ac70/9, E_0x182ac70/10, E_0x182ac70/11, E_0x182ac70/12, E_0x182ac70/13, E_0x182ac70/14;
L_0x1852200 .part L_0x184f290, 0, 6;
S_0x18496f0 .scope module, "myDecoder" "decoder" 2 52, 3 44 0, S_0x17fad90;
 .timescale -9 -9;
L_0x184d0a0 .functor AND 1, L_0x184e580, L_0x184e830, C4<1>, C4<1>;
L_0x184ec90 .functor NOT 1, L_0x184e2c0, C4<0>, C4<0>, C4<0>;
L_0x184f800 .functor AND 1, L_0x184f710, L_0x184ec90, C4<1>, C4<1>;
L_0x184f670 .functor AND 1, L_0x184f9e0, L_0x184e2c0, C4<1>, C4<1>;
L_0x184fdd0 .functor AND 1, L_0x1850b40, L_0x1850750, C4<1>, C4<1>;
L_0x1851020 .functor AND 1, L_0x1850aa0, L_0x1850c20, C4<1>, C4<1>;
L_0x1851460 .functor AND 1, L_0x1850dc0, L_0x1850f00, C4<1>, C4<1>;
L_0x1851890 .functor AND 1, L_0x18511a0, L_0x18512f0, C4<1>, C4<1>;
v0x18494a0_0 .net *"_s10", 4 0, C4<01000>; 1 drivers
v0x18497e0_0 .net *"_s100", 3 0, C4<1111>; 1 drivers
v0x1849860_0 .net *"_s102", 0 0, L_0x1850b40; 1 drivers
v0x1849900_0 .net *"_s104", 11 0, C4<000000000001>; 1 drivers
v0x1849980_0 .net *"_s106", 0 0, L_0x1850750; 1 drivers
v0x1849a20_0 .net *"_s110", 3 0, C4<1111>; 1 drivers
v0x1849ac0_0 .net *"_s112", 0 0, L_0x1850aa0; 1 drivers
v0x1849b60_0 .net *"_s114", 11 0, C4<000000000010>; 1 drivers
v0x1849c50_0 .net *"_s116", 0 0, L_0x1850c20; 1 drivers
v0x1849cf0_0 .net *"_s12", 0 0, L_0x184e580; 1 drivers
v0x1849d90_0 .net *"_s120", 3 0, C4<1111>; 1 drivers
v0x1849e30_0 .net *"_s122", 0 0, L_0x1850dc0; 1 drivers
v0x1849ed0_0 .net *"_s124", 11 0, C4<111111111111>; 1 drivers
v0x1849f70_0 .net *"_s126", 0 0, L_0x1850f00; 1 drivers
v0x184a090_0 .net *"_s130", 3 0, C4<1111>; 1 drivers
v0x184a130_0 .net *"_s132", 0 0, L_0x18511a0; 1 drivers
v0x1849ff0_0 .net *"_s134", 11 0, C4<101010101010>; 1 drivers
v0x184a280_0 .net *"_s136", 0 0, L_0x18512f0; 1 drivers
v0x184a3a0_0 .net *"_s14", 4 0, L_0x184e6c0; 1 drivers
v0x184a420_0 .net *"_s17", 0 0, C4<0>; 1 drivers
v0x184a300_0 .net *"_s18", 4 0, C4<01011>; 1 drivers
v0x184a550_0 .net *"_s20", 0 0, L_0x184e830; 1 drivers
v0x184a4a0_0 .net *"_s29", 2 0, L_0x184ebf0; 1 drivers
v0x184a690_0 .net *"_s31", 2 0, L_0x184ecf0; 1 drivers
v0x184a5f0_0 .net *"_s35", 2 0, L_0x184ef90; 1 drivers
v0x184a7e0_0 .net *"_s37", 2 0, L_0x184f030; 1 drivers
v0x184a730_0 .net *"_s42", 3 0, C4<0001>; 1 drivers
v0x184a940_0 .net *"_s46", 3 0, C4<0010>; 1 drivers
v0x184a880_0 .net *"_s50", 3 0, C4<0011>; 1 drivers
v0x184aab0_0 .net *"_s52", 0 0, L_0x184f710; 1 drivers
v0x184a9c0_0 .net *"_s54", 0 0, L_0x184ec90; 1 drivers
v0x184ac30_0 .net *"_s58", 3 0, C4<0011>; 1 drivers
v0x184ab30_0 .net *"_s6", 4 0, L_0x184e490; 1 drivers
v0x184adc0_0 .net *"_s60", 0 0, L_0x184f9e0; 1 drivers
v0x184acb0_0 .net *"_s64", 3 0, C4<0100>; 1 drivers
v0x184af60_0 .net *"_s68", 3 0, C4<0101>; 1 drivers
v0x184ae40_0 .net *"_s72", 3 0, C4<0110>; 1 drivers
v0x184aee0_0 .net *"_s76", 3 0, C4<0111>; 1 drivers
v0x184b120_0 .net *"_s80", 3 0, C4<1000>; 1 drivers
v0x184b1a0_0 .net *"_s84", 3 0, C4<1001>; 1 drivers
v0x184afe0_0 .net *"_s88", 3 0, C4<1010>; 1 drivers
v0x184b080_0 .net *"_s9", 0 0, C4<0>; 1 drivers
v0x184b380_0 .net *"_s92", 3 0, C4<1011>; 1 drivers
v0x184b400_0 .net *"_s96", 3 0, C4<1100>; 1 drivers
v0x184b220_0 .alias "addi_po", 0 0, v0x184c9b0_0;
v0x184b2a0_0 .alias "alu_func_po", 2 0, v0x184cdb0_0;
v0x184b600_0 .alias "arith_1op_po", 0 0, v0x184cf50_0;
v0x184b680_0 .alias "arith_2op_po", 0 0, v0x184d020_0;
v0x184b480_0 .net "branch", 0 0, L_0x184d0a0; 1 drivers
v0x184b500_0 .alias "branch_carry_po", 0 0, v0x184d100_0;
v0x184b8a0_0 .alias "branch_eq_po", 0 0, v0x184d1d0_0;
v0x184b920_0 .alias "branch_ge_po", 0 0, v0x184d310_0;
v0x184b730_0 .alias "branch_le_po", 0 0, v0x184d3e0_0;
v0x184b7e0_0 .net "ctrlfunc", 11 0, L_0x184e360; 1 drivers
v0x184bb60_0 .alias "destination_reg_po", 2 0, v0x184d530_0;
v0x184bbe0_0 .net "func", 0 0, L_0x184e2c0; 1 drivers
v0x184b9a0_0 .alias "halt_cmd_po", 0 0, v0x184d5b0_0;
v0x184ba20_0 .alias "immediate_po", 11 0, v0x184d6c0_0;
v0x184baa0_0 .net "instruction_pi", 15 0, v0x184d630_0; 1 drivers
v0x184be40_0 .alias "jump_po", 0 0, v0x184d740_0;
v0x184bc60_0 .alias "load_po", 0 0, v0x184d910_0;
v0x184bce0_0 .alias "movi_higher_po", 0 0, v0x184d860_0;
v0x184bd80_0 .alias "movi_lower_po", 0 0, v0x184da50_0;
v0x184c0c0_0 .net "opcode", 3 0, L_0x184e1d0; 1 drivers
v0x184bec0_0 .alias "rst_cmd_po", 0 0, v0x184dad0_0;
v0x184bf60_0 .alias "source_reg1_po", 2 0, v0x184dd00_0;
v0x184c010_0 .alias "source_reg2_po", 2 0, v0x184dc20_0;
v0x184c360_0 .alias "stb_cmd_po", 0 0, v0x184de70_0;
v0x184c140_0 .alias "stc_cmd_po", 0 0, v0x184ddd0_0;
v0x184c1f0_0 .alias "store_po", 0 0, v0x184e040_0;
v0x184c270_0 .alias "subi_po", 0 0, v0x184def0_0;
L_0x184e1d0 .part v0x184d630_0, 12, 4;
L_0x184e2c0 .part v0x184d630_0, 8, 1;
L_0x184e360 .part v0x184d630_0, 0, 12;
L_0x184e490 .concat [ 4 1 0 0], L_0x184e1d0, C4<0>;
L_0x184e580 .cmp/ge 5, L_0x184e490, C4<01000>;
L_0x184e6c0 .concat [ 4 1 0 0], L_0x184e1d0, C4<0>;
L_0x184e830 .cmp/ge 5, C4<01011>, L_0x184e6c0;
L_0x184ea10 .part v0x184d630_0, 9, 3;
L_0x184eb50 .part v0x184d630_0, 0, 3;
L_0x184ebf0 .part v0x184d630_0, 9, 3;
L_0x184ecf0 .part v0x184d630_0, 6, 3;
L_0x184eea0 .functor MUXZ 3, L_0x184ecf0, L_0x184ebf0, L_0x184d0a0, C4<>;
L_0x184ef90 .part v0x184d630_0, 6, 3;
L_0x184f030 .part v0x184d630_0, 3, 3;
L_0x184f150 .functor MUXZ 3, L_0x184f030, L_0x184ef90, L_0x184d0a0, C4<>;
L_0x184f290 .part v0x184d630_0, 0, 12;
L_0x184f410 .cmp/eq 4, L_0x184e1d0, C4<0001>;
L_0x184f580 .cmp/eq 4, L_0x184e1d0, C4<0010>;
L_0x184f710 .cmp/eq 4, L_0x184e1d0, C4<0011>;
L_0x184f9e0 .cmp/eq 4, L_0x184e1d0, C4<0011>;
L_0x184fc20 .cmp/eq 4, L_0x184e1d0, C4<0100>;
L_0x184fe30 .cmp/eq 4, L_0x184e1d0, C4<0101>;
L_0x184fad0 .cmp/eq 4, L_0x184e1d0, C4<0110>;
L_0x1850070 .cmp/eq 4, L_0x184e1d0, C4<0111>;
L_0x1850280 .cmp/eq 4, L_0x184e1d0, C4<1000>;
L_0x1850360 .cmp/eq 4, L_0x184e1d0, C4<1001>;
L_0x1850530 .cmp/eq 4, L_0x184e1d0, C4<1010>;
L_0x1850660 .cmp/eq 4, L_0x184e1d0, C4<1011>;
L_0x1850490 .cmp/eq 4, L_0x184e1d0, C4<1100>;
L_0x1850b40 .cmp/eq 4, L_0x184e1d0, C4<1111>;
L_0x1850750 .cmp/eq 12, L_0x184e360, C4<000000000001>;
L_0x1850aa0 .cmp/eq 4, L_0x184e1d0, C4<1111>;
L_0x1850c20 .cmp/eq 12, L_0x184e360, C4<000000000010>;
L_0x1850dc0 .cmp/eq 4, L_0x184e1d0, C4<1111>;
L_0x1850f00 .cmp/eq 12, L_0x184e360, C4<111111111111>;
L_0x18511a0 .cmp/eq 4, L_0x184e1d0, C4<1111>;
L_0x18512f0 .cmp/eq 12, L_0x184e360, C4<101010101010>;
S_0x1848210 .scope module, "myALU" "alu" 2 80, 4 53 0, S_0x17fad90;
 .timescale -9 -9;
L_0x1849520 .functor OR 1, L_0x184fdd0, L_0x1851f80, C4<0>, C4<0>;
L_0x184df70 .functor OR 1, L_0x1851020, L_0x1851ea0, C4<0>, C4<0>;
v0x1848350_0 .net *"_s10", 0 0, L_0x1851f80; 1 drivers
v0x1848410_0 .net *"_s14", 1 0, L_0x1852020; 1 drivers
v0x18484b0_0 .net *"_s17", 0 0, C4<0>; 1 drivers
v0x1848550_0 .net *"_s18", 1 0, C4<01>; 1 drivers
v0x1848600_0 .net *"_s20", 0 0, L_0x1851ea0; 1 drivers
v0x18486a0_0 .net *"_s4", 1 0, L_0x1851e00; 1 drivers
v0x1848780_0 .net *"_s7", 0 0, C4<0>; 1 drivers
v0x1848820_0 .net *"_s8", 1 0, C4<01>; 1 drivers
v0x18488c0_0 .alias "addi_pi", 0 0, v0x184c9b0_0;
v0x1848960_0 .alias "alu_func_pi", 2 0, v0x184cdb0_0;
v0x1848a00_0 .var "alu_out_reg", 15 0;
v0x1848aa0_0 .alias "alu_result_po", 15 0, v0x184ce80_0;
v0x1848b40_0 .alias "arith_1op_pi", 0 0, v0x184cf50_0;
v0x1848be0_0 .alias "arith_2op_pi", 0 0, v0x184d020_0;
v0x1848d00_0 .alias "borrow_in_pi", 0 0, v0x184ca80_0;
v0x1848d80_0 .alias "borrow_out_po", 0 0, v0x184cb50_0;
v0x1848c60_0 .var "borrow_out_reg", 0 0;
v0x1848ec0_0 .alias "carry_in_pi", 0 0, v0x184cc20_0;
v0x1848e00_0 .alias "carry_out_po", 0 0, v0x184cca0_0;
v0x1848fe0_0 .var "carry_out_reg", 0 0;
v0x1848f40_0 .net "immediate_pi", 5 0, L_0x1852200; 1 drivers
v0x1849110_0 .net "instr_onehot_and_func", 7 0, L_0x1851a30; 1 drivers
v0x1849060_0 .net "load_or_store_pi", 0 0, L_0x184f0d0; 1 drivers
v0x1849250_0 .alias "reg1_data_pi", 15 0, v0x184d990_0;
v0x18493a0_0 .alias "reg2_data_pi", 15 0, v0x184dba0_0;
v0x1849420_0 .alias "stb_cmd_pi", 0 0, v0x184de70_0;
v0x18492d0_0 .alias "stc_cmd_pi", 0 0, v0x184ddd0_0;
v0x1849580_0 .alias "subi_pi", 0 0, v0x184def0_0;
E_0x1848300/0 .event edge, v0x181dba0_0, v0x1847b40_0, v0x1849110_0, v0x1847550_0;
E_0x1848300/1 .event edge, v0x18475f0_0, v0x1848f40_0;
E_0x1848300 .event/or E_0x1848300/0, E_0x1848300/1;
LS_0x1851a30_0_0 .concat [ 3 1 1 1], L_0x184eb50, L_0x184f0d0, L_0x184fe30, L_0x184fc20;
LS_0x1851a30_0_4 .concat [ 1 1 0 0], L_0x184f410, L_0x184f580;
L_0x1851a30 .concat [ 6 2 0 0], LS_0x1851a30_0_0, LS_0x1851a30_0_4;
L_0x1851e00 .concat [ 1 1 0 0], v0x1848fe0_0, C4<0>;
L_0x1851f80 .cmp/eeq 2, L_0x1851e00, C4<01>;
L_0x1852020 .concat [ 1 1 0 0], v0x1848c60_0, C4<0>;
L_0x1851ea0 .cmp/eeq 2, L_0x1852020, C4<01>;
S_0x18476f0 .scope module, "myRegfile" "regfile" 2 100, 5 2 0, S_0x17fad90;
 .timescale -9 -9;
P_0x1847368 .param/l "NUM_REG" 5 13, +C4<01000>;
L_0x18523d0 .functor BUFZ 16, L_0x18522a0, C4<0000000000000000>, C4<0000000000000000>, C4<0000000000000000>;
L_0x184dca0 .functor BUFZ 16, L_0x18524c0, C4<0000000000000000>, C4<0000000000000000>, C4<0000000000000000>;
v0x1847860_0 .var "BORROW_FLAG", 0 0;
v0x1847900_0 .var "CARRY_FLAG", 0 0;
v0x18479a0 .array "REG_FILE", 0 7, 15 0;
v0x1847a20_0 .net *"_s0", 15 0, L_0x18522a0; 1 drivers
v0x1847aa0_0 .net *"_s4", 15 0, L_0x18524c0; 1 drivers
v0x1847b40_0 .alias "current_borrow_po", 0 0, v0x184ca80_0;
v0x1847c20_0 .alias "current_carry_po", 0 0, v0x184cc20_0;
v0x1847ca0_0 .var/i "i", 31 0;
v0x1847d20_0 .alias "new_borrow_pi", 0 0, v0x184cb50_0;
v0x1847dc0_0 .alias "new_carry_pi", 0 0, v0x184cca0_0;
v0x1847ec0_0 .alias "reg1_data_po", 15 0, v0x184d990_0;
v0x1847f70_0 .alias "reg2_data_po", 15 0, v0x184dba0_0;
v0x1848090_0 .alias "source_reg1_pi", 2 0, v0x184dd00_0;
v0x1848110_0 .alias "source_reg2_pi", 2 0, v0x184dc20_0;
L_0x18522a0 .array/port v0x18479a0, L_0x184eea0;
L_0x18524c0 .array/port v0x18479a0, L_0x184f150;
S_0x18008b0 .scope module, "myBranch" "branch" 2 112, 6 3 0, S_0x17fad90;
 .timescale -9 -9;
v0x181dba0_0 .alias "alu_carry_bit_pi", 0 0, v0x184cc20_0;
v0x1847050_0 .alias "branch_carry_pi", 0 0, v0x184d100_0;
v0x18470f0_0 .alias "branch_eq_pi", 0 0, v0x184d1d0_0;
v0x1847190_0 .alias "branch_ge_pi", 0 0, v0x184d310_0;
v0x1847240_0 .alias "branch_le_pi", 0 0, v0x184d3e0_0;
v0x18472e0_0 .var "branchval", 0 0;
v0x18473c0_0 .net "instrs", 3 0, L_0x18527d0; 1 drivers
v0x1847460_0 .alias "is_branch_taken_po", 0 0, v0x184d7e0_0;
v0x1847550_0 .alias "reg1_data_pi", 15 0, v0x184d990_0;
v0x18475f0_0 .alias "reg2_data_pi", 15 0, v0x184dba0_0;
E_0x17f6d10 .event edge, v0x18473c0_0, v0x1847550_0, v0x18475f0_0, v0x181dba0_0;
L_0x18527d0 .concat [ 1 1 1 1], L_0x1850660, L_0x1850530, L_0x1850360, L_0x1850280;
    .scope S_0x1848210;
T_0 ;
    %wait E_0x1848300;
    %load/v 8, v0x1848ec0_0, 1;
    %set/v v0x1848fe0_0, 8, 1;
    %load/v 8, v0x1848d00_0, 1;
    %set/v v0x1848c60_0, 8, 1;
    %load/v 8, v0x1849110_0, 8;
    %movi 16, 128, 8;
    %cmp/z 8, 16, 8;
    %jmp/1 T_0.0, 4;
    %movi 16, 129, 8;
    %cmp/z 8, 16, 8;
    %jmp/1 T_0.1, 4;
    %movi 16, 130, 8;
    %cmp/z 8, 16, 8;
    %jmp/1 T_0.2, 4;
    %movi 16, 131, 8;
    %cmp/z 8, 16, 8;
    %jmp/1 T_0.3, 4;
    %movi 16, 64, 8;
    %cmp/z 8, 16, 8;
    %jmp/1 T_0.4, 4;
    %movi 16, 65, 8;
    %cmp/z 8, 16, 8;
    %jmp/1 T_0.5, 4;
    %movi 16, 66, 8;
    %cmp/z 8, 16, 8;
    %jmp/1 T_0.6, 4;
    %movi 16, 67, 8;
    %cmp/z 8, 16, 8;
    %jmp/1 T_0.7, 4;
    %movi 16, 68, 8;
    %cmp/z 8, 16, 8;
    %jmp/1 T_0.8, 4;
    %movi 16, 69, 8;
    %cmp/z 8, 16, 8;
    %jmp/1 T_0.9, 4;
    %movi 16, 70, 8;
    %cmp/z 8, 16, 8;
    %jmp/1 T_0.10, 4;
    %movi 16, 71, 8;
    %cmp/z 8, 16, 8;
    %jmp/1 T_0.11, 4;
    %mov 16, 3, 3;
    %movi 19, 4, 5;
    %cmp/z 8, 16, 8;
    %jmp/1 T_0.12, 4;
    %mov 24, 3, 3;
    %movi 27, 2, 5;
    %cmp/z 8, 24, 8;
    %jmp/1 T_0.13, 4;
    %mov 32, 3, 3;
    %movi 35, 1, 5;
    %cmp/z 8, 32, 8;
    %jmp/1 T_0.14, 4;
    %set/v v0x1848a00_0, 0, 16;
    %jmp T_0.16;
T_0.0 ;
    %load/v 8, v0x1849250_0, 16;
    %inv 8, 16;
    %set/v v0x1848a00_0, 8, 16;
    %jmp T_0.16;
T_0.1 ;
    %load/v 8, v0x1849250_0, 16;
    %ix/load 0, 1, 0;
    %mov 4, 0, 1;
    %shiftl/i0  8, 16;
    %set/v v0x1848a00_0, 8, 16;
    %jmp T_0.16;
T_0.2 ;
    %ix/load 1, 1, 0;
    %mov 4, 0, 1;
    %jmp/1 T_0.17, 4;
    %load/x1p 24, v0x1849250_0, 15;
    %jmp T_0.18;
T_0.17 ;
    %mov 24, 2, 15;
T_0.18 ;
    %mov 8, 24, 15; Move signal select into place
    %mov 23, 0, 1;
    %set/v v0x1848a00_0, 8, 16;
    %jmp T_0.16;
T_0.3 ;
    %load/v 8, v0x1849250_0, 16;
    %set/v v0x1848a00_0, 8, 16;
    %jmp T_0.16;
T_0.4 ;
    %load/v 8, v0x1849250_0, 16;
    %mov 24, 0, 1;
    %load/v 25, v0x18493a0_0, 16;
    %mov 41, 0, 1;
    %add 8, 25, 17;
    %set/v v0x1848a00_0, 8, 16;
    %set/v v0x1848fe0_0, 24, 1;
    %jmp T_0.16;
T_0.5 ;
    %load/v 8, v0x1849250_0, 16;
    %mov 24, 0, 1;
    %load/v 25, v0x18493a0_0, 16;
    %mov 41, 0, 1;
    %add 8, 25, 17;
    %load/v 25, v0x1848ec0_0, 1;
    %mov 26, 0, 16;
    %add 8, 25, 17;
    %set/v v0x1848a00_0, 8, 16;
    %set/v v0x1848fe0_0, 24, 1;
    %jmp T_0.16;
T_0.6 ;
    %load/v 8, v0x1849250_0, 16;
    %load/v 24, v0x18493a0_0, 16;
    %cmp/u 8, 24, 16;
    %mov 8, 5, 1;
    %set/v v0x1848c60_0, 8, 1;
    %load/v 8, v0x1849250_0, 16;
    %load/v 24, v0x18493a0_0, 16;
    %sub 8, 24, 16;
    %set/v v0x1848a00_0, 8, 16;
    %jmp T_0.16;
T_0.7 ;
    %load/v 8, v0x1849250_0, 16;
    %load/v 24, v0x18493a0_0, 16;
    %sub 8, 24, 16;
    %load/v 24, v0x1848d00_0, 1;
    %mov 25, 0, 15;
    %sub 8, 24, 16;
    %set/v v0x1848a00_0, 8, 16;
    %load/v 8, v0x1849250_0, 16;
    %load/v 24, v0x18493a0_0, 16;
    %load/v 40, v0x1848d00_0, 1;
    %mov 41, 0, 15;
    %add 24, 40, 16;
    %cmp/u 8, 24, 16;
    %mov 8, 5, 1;
    %set/v v0x1848c60_0, 8, 1;
    %jmp T_0.16;
T_0.8 ;
    %load/v 8, v0x1849250_0, 16;
    %load/v 24, v0x18493a0_0, 16;
    %and 8, 24, 16;
    %set/v v0x1848a00_0, 8, 16;
    %jmp T_0.16;
T_0.9 ;
    %load/v 8, v0x1849250_0, 16;
    %load/v 24, v0x18493a0_0, 16;
    %or 8, 24, 16;
    %set/v v0x1848a00_0, 8, 16;
    %jmp T_0.16;
T_0.10 ;
    %load/v 8, v0x1849250_0, 16;
    %load/v 24, v0x18493a0_0, 16;
    %xor 8, 24, 16;
    %set/v v0x1848a00_0, 8, 16;
    %jmp T_0.16;
T_0.11 ;
    %load/v 8, v0x1849250_0, 16;
    %load/v 24, v0x18493a0_0, 16;
    %xor 8, 24, 16;
    %inv 8, 16;
    %set/v v0x1848a00_0, 8, 16;
    %jmp T_0.16;
T_0.12 ;
    %load/v 8, v0x1849250_0, 16;
    %mov 24, 0, 1;
    %load/v 25, v0x1848f40_0, 6;
    %mov 31, 0, 11;
    %add 8, 25, 17;
    %set/v v0x1848a00_0, 8, 16;
    %set/v v0x1848fe0_0, 24, 1;
    %jmp T_0.16;
T_0.13 ;
    %load/v 8, v0x1849250_0, 16;
    %load/v 24, v0x1848f40_0, 6;
    %mov 30, 0, 10;
    %cmp/u 8, 24, 16;
    %mov 8, 5, 1;
    %set/v v0x1848c60_0, 8, 1;
    %load/v 8, v0x1849250_0, 16;
    %load/v 24, v0x1848f40_0, 6;
    %mov 30, 0, 10;
    %sub 8, 24, 16;
    %set/v v0x1848a00_0, 8, 16;
    %jmp T_0.16;
T_0.14 ;
    %load/v 8, v0x1849250_0, 16;
    %load/v 24, v0x1848f40_0, 6;
    %mov 30, 0, 10;
    %add 8, 24, 16;
    %set/v v0x1848a00_0, 8, 16;
    %jmp T_0.16;
T_0.16 ;
    %jmp T_0;
    .thread T_0, $push;
    .scope S_0x18476f0;
T_1 ;
    %set/v v0x1847ca0_0, 0, 32;
T_1.0 ;
    %load/v 8, v0x1847ca0_0, 32;
   %cmpi/s 8, 8, 32;
    %jmp/0xz T_1.1, 5;
    %load/v 8, v0x1847ca0_0, 32;
    %mov 40, 39, 1;
   %addi 8, 1, 33;
    %ix/getv/s 3, v0x1847ca0_0;
   %jmp/1 t_0, 4;
   %ix/load 1, 0, 0;
   %set/av v0x18479a0, 8, 16;
t_0 ;
    %ix/load 0, 1, 0;
    %load/vp0/s 8, v0x1847ca0_0, 32;
    %set/v v0x1847ca0_0, 8, 32;
    %jmp T_1.0;
T_1.1 ;
    %set/v v0x1847900_0, 1, 1;
    %set/v v0x1847860_0, 1, 1;
    %end;
    .thread T_1;
    .scope S_0x18008b0;
T_2 ;
    %wait E_0x17f6d10;
    %load/v 8, v0x18473c0_0, 4;
    %cmpi/u 8, 8, 4;
    %jmp/1 T_2.0, 6;
    %cmpi/u 8, 4, 4;
    %jmp/1 T_2.1, 6;
    %cmpi/u 8, 2, 4;
    %jmp/1 T_2.2, 6;
    %cmpi/u 8, 1, 4;
    %jmp/1 T_2.3, 6;
    %jmp T_2.4;
T_2.0 ;
    %load/v 8, v0x1847550_0, 16;
    %load/v 24, v0x18475f0_0, 16;
    %cmp/u 8, 24, 16;
    %mov 8, 4, 1;
    %set/v v0x18472e0_0, 8, 1;
    %jmp T_2.4;
T_2.1 ;
    %load/v 8, v0x18475f0_0, 16;
    %load/v 24, v0x1847550_0, 16;
    %cmp/u 8, 24, 16;
    %or 5, 4, 1;
    %mov 8, 5, 1;
    %set/v v0x18472e0_0, 8, 1;
    %jmp T_2.4;
T_2.2 ;
    %load/v 8, v0x1847550_0, 16;
    %load/v 24, v0x18475f0_0, 16;
    %cmp/u 8, 24, 16;
    %or 5, 4, 1;
    %mov 8, 5, 1;
    %set/v v0x18472e0_0, 8, 1;
    %jmp T_2.4;
T_2.3 ;
    %load/v 8, v0x181dba0_0, 1;
    %set/v v0x18472e0_0, 8, 1;
    %jmp T_2.4;
T_2.4 ;
    %jmp T_2;
    .thread T_2, $push;
    .scope S_0x17fad90;
T_3 ;
    %set/v v0x184d460_0, 0, 32;
T_3.0 ;
    %load/v 8, v0x184d460_0, 32;
   %cmpi/s 8, 9, 32;
    %jmp/0xz T_3.1, 5;
    %load/v 8, v0x184d460_0, 32;
    %cmpi/u 8, 0, 32;
    %jmp/1 T_3.2, 6;
    %cmpi/u 8, 1, 32;
    %jmp/1 T_3.3, 6;
    %cmpi/u 8, 2, 32;
    %jmp/1 T_3.4, 6;
    %cmpi/u 8, 3, 32;
    %jmp/1 T_3.5, 6;
    %cmpi/u 8, 4, 32;
    %jmp/1 T_3.6, 6;
    %cmpi/u 8, 5, 32;
    %jmp/1 T_3.7, 6;
    %cmpi/u 8, 6, 32;
    %jmp/1 T_3.8, 6;
    %cmpi/u 8, 7, 32;
    %jmp/1 T_3.9, 6;
    %cmpi/u 8, 8, 32;
    %jmp/1 T_3.10, 6;
    %ix/getv/s 3, v0x184d460_0;
   %jmp/1 t_1, 4;
   %ix/load 1, 0, 0;
   %set/av v0x184c620, 0, 16;
t_1 ;
    %jmp T_3.12;
T_3.2 ;
    %movi 8, 33407, 16;
   %ix/load 1, 0, 0;
   %ix/load 3, 0, 0;
   %set/av v0x184c620, 8, 16;
    %jmp T_3.12;
T_3.3 ;
    %movi 8, 33470, 16;
   %ix/load 1, 0, 0;
   %ix/load 3, 1, 0;
   %set/av v0x184c620, 8, 16;
    %jmp T_3.12;
T_3.4 ;
    %movi 8, 37503, 16;
   %ix/load 1, 0, 0;
   %ix/load 3, 2, 0;
   %set/av v0x184c620, 8, 16;
    %jmp T_3.12;
T_3.5 ;
    %movi 8, 37566, 16;
   %ix/load 1, 0, 0;
   %ix/load 3, 3, 0;
   %set/av v0x184c620, 8, 16;
    %jmp T_3.12;
T_3.6 ;
    %movi 8, 38014, 16;
   %ix/load 1, 0, 0;
   %ix/load 3, 4, 0;
   %set/av v0x184c620, 8, 16;
    %jmp T_3.12;
T_3.7 ;
    %movi 8, 41599, 16;
   %ix/load 1, 0, 0;
   %ix/load 3, 5, 0;
   %set/av v0x184c620, 8, 16;
    %jmp T_3.12;
T_3.8 ;
    %movi 8, 41662, 16;
   %ix/load 1, 0, 0;
   %ix/load 3, 6, 0;
   %set/av v0x184c620, 8, 16;
    %jmp T_3.12;
T_3.9 ;
    %movi 8, 42110, 16;
   %ix/load 1, 0, 0;
   %ix/load 3, 7, 0;
   %set/av v0x184c620, 8, 16;
    %jmp T_3.12;
T_3.10 ;
    %movi 8, 45119, 16;
   %ix/load 1, 0, 0;
   %ix/load 3, 8, 0;
   %set/av v0x184c620, 8, 16;
    %jmp T_3.12;
T_3.12 ;
    %ix/load 0, 1, 0;
    %load/vp0/s 8, v0x184d460_0, 32;
    %set/v v0x184d460_0, 8, 32;
    %jmp T_3.0;
T_3.1 ;
    %vpi_call 2 147 "$display", "*************************************";
    %vpi_call 2 148 "$display", "\011No.\011Instruction\011\011Decoded Signals\012";
    %end;
    .thread T_3;
    .scope S_0x17fad90;
T_4 ;
    %wait E_0x182ac70;
    %set/v v0x184d460_0, 0, 32;
T_4.0 ;
    %load/v 8, v0x184d460_0, 32;
   %cmpi/s 8, 9, 32;
    %jmp/0xz T_4.1, 5;
    %delay 1, 0;
    %ix/getv/s 3, v0x184d460_0;
    %load/av 8, v0x184c620, 16;
    %set/v v0x184d630_0, 8, 16;
    %delay 1, 0;
    %vpi_call 2 157 "$display", "%d.\011%x\011\011%o %o %o %o %o\011%b %b %b %b %b %b %b %b %b %b %b %b %b %b %b %b %b\012", v0x184d460_0, v0x184d630_0, v0x184cdb0_0, v0x184d530_0, v0x184dd00_0, v0x184dc20_0, v0x184d6c0_0, v0x184d020_0, v0x184cf50_0, v0x184da50_0, v0x184d860_0, v0x184c9b0_0, v0x184def0_0, v0x184d910_0, v0x184e040_0, v0x184d1d0_0, v0x184d310_0, v0x184d3e0_0, v0x184d100_0, v0x184d740_0, v0x184ddd0_0, v0x184de70_0, v0x184d5b0_0, v0x184dad0_0;
    %delay 1, 0;
    %vpi_call 2 160 "$display", "\011\011Branch Module Output --- isBranchTaken: %b\012", v0x184d7e0_0;
    %ix/load 0, 1, 0;
    %load/vp0/s 8, v0x184d460_0, 32;
    %set/v v0x184d460_0, 8, 32;
    %jmp T_4.0;
T_4.1 ;
    %vpi_call 2 166 "$finish";
    %jmp T_4;
    .thread T_4, $push;
# The file index is used to find the file name in the following table.
:file_names 7;
    "N/A";
    "<interactive>";
    "tb_branch.v";
    "../decoder/decoder.v";
    "../alu/alu.v";
    "regfile.v";
    "branch.v";
