#! /storage-home/p/pjv/326/Verilog/bin/vvp
:ivl_version "0.10.0 (devel)" "(s20090923)";
:vpi_time_precision - 9;
:vpi_module "system";
:vpi_module "v2005_math";
:vpi_module "va_math";
S_0x12967e0 .scope module, "alu_testbench" "alu_testbench" 2 2;
 .timescale -9 -9;
P_0x12b5378 .param/l "NUM_INSTRUCTIONS" 2 4, +C4<0100000>;
L_0x12df620 .functor OR 1, L_0x12e4fb0, L_0x12e5510, C4<0>, C4<0>;
v0x12e1aa0 .array "INSTRUCTION", 0 31, 15 0;
v0x12e1fd0_0 .net "addi", 0 0, L_0x12e5100; 1 drivers
v0x12e2050_0 .net "alu_borrow_in", 0 0, v0x12af540_0; 1 drivers
v0x12e2120_0 .net "alu_borrow_out", 0 0, L_0x12de310; 1 drivers
v0x12e21f0_0 .net "alu_carry_in", 0 0, v0x12dcd90_0; 1 drivers
v0x12e22c0_0 .net "alu_carry_out", 0 0, L_0x12e0cc0; 1 drivers
v0x12e23d0_0 .net "alu_func", 2 0, L_0x12e4030; 1 drivers
v0x12e24a0_0 .net "alu_result", 15 0, v0x12ddf40_0; 1 drivers
v0x12e2570_0 .net "arith_1op", 0 0, L_0x12e4a60; 1 drivers
v0x12e2640_0 .net "arith_2op", 0 0, L_0x12e48f0; 1 drivers
v0x12e26c0_0 .net "branch_carry", 0 0, L_0x12e5bf0; 1 drivers
v0x12e2740_0 .net "branch_eq", 0 0, L_0x12e5720; 1 drivers
v0x12e27c0_0 .net "branch_ge", 0 0, L_0x12e5850; 1 drivers
v0x12e2840_0 .net "branch_le", 0 0, L_0x12e5a70; 1 drivers
v0x12e2940_0 .net "destination_reg", 2 0, L_0x12e3ef0; 1 drivers
v0x12e29c0_0 .net "halt_cmd", 0 0, L_0x12e6a40; 1 drivers
v0x12e28c0_0 .var/i "i", 31 0;
v0x12e2ad0_0 .net "immediate", 11 0, L_0x12e4770; 1 drivers
v0x12e2a40_0 .var "instruction", 15 0;
v0x12e2bf0_0 .net "jump", 0 0, L_0x12e59d0; 1 drivers
v0x12e2d20_0 .net "load", 0 0, L_0x12e4fb0; 1 drivers
v0x12e2da0_0 .net "movi_higher", 0 0, L_0x12e4b50; 1 drivers
v0x12e2c70_0 .net "movi_lower", 0 0, L_0x12e4ce0; 1 drivers
v0x12e2ee0_0 .net "reg1_data", 15 0, L_0x12e0000; 1 drivers
v0x12e3030_0 .net "reg2_data", 15 0, L_0x12e45b0; 1 drivers
v0x12e30b0_0 .net "rst_cmd", 0 0, L_0x12e6e70; 1 drivers
v0x12e2f60_0 .net "source_reg1", 2 0, L_0x12e4380; 1 drivers
v0x12e3210_0 .net "source_reg2", 2 0, L_0x12e4630; 1 drivers
v0x12e3180_0 .net "stb_cmd", 0 0, L_0x12e6600; 1 drivers
v0x12e33d0_0 .net "stc_cmd", 0 0, L_0x12e52b0; 1 drivers
v0x12e32e0_0 .net "store", 0 0, L_0x12e5510; 1 drivers
v0x12e3550_0 .net "subi", 0 0, L_0x12e5310; 1 drivers
v0x12e1aa0_0 .array/port v0x12e1aa0, 0;
v0x12e1aa0_1 .array/port v0x12e1aa0, 1;
v0x12e1aa0_2 .array/port v0x12e1aa0, 2;
E_0x12c09e0/0 .event edge, v0x12e28c0_0, v0x12e1aa0_0, v0x12e1aa0_1, v0x12e1aa0_2;
v0x12e1aa0_3 .array/port v0x12e1aa0, 3;
v0x12e1aa0_4 .array/port v0x12e1aa0, 4;
v0x12e1aa0_5 .array/port v0x12e1aa0, 5;
v0x12e1aa0_6 .array/port v0x12e1aa0, 6;
E_0x12c09e0/1 .event edge, v0x12e1aa0_3, v0x12e1aa0_4, v0x12e1aa0_5, v0x12e1aa0_6;
v0x12e1aa0_7 .array/port v0x12e1aa0, 7;
v0x12e1aa0_8 .array/port v0x12e1aa0, 8;
v0x12e1aa0_9 .array/port v0x12e1aa0, 9;
v0x12e1aa0_10 .array/port v0x12e1aa0, 10;
E_0x12c09e0/2 .event edge, v0x12e1aa0_7, v0x12e1aa0_8, v0x12e1aa0_9, v0x12e1aa0_10;
v0x12e1aa0_11 .array/port v0x12e1aa0, 11;
v0x12e1aa0_12 .array/port v0x12e1aa0, 12;
v0x12e1aa0_13 .array/port v0x12e1aa0, 13;
v0x12e1aa0_14 .array/port v0x12e1aa0, 14;
E_0x12c09e0/3 .event edge, v0x12e1aa0_11, v0x12e1aa0_12, v0x12e1aa0_13, v0x12e1aa0_14;
v0x12e1aa0_15 .array/port v0x12e1aa0, 15;
v0x12e1aa0_16 .array/port v0x12e1aa0, 16;
v0x12e1aa0_17 .array/port v0x12e1aa0, 17;
v0x12e1aa0_18 .array/port v0x12e1aa0, 18;
E_0x12c09e0/4 .event edge, v0x12e1aa0_15, v0x12e1aa0_16, v0x12e1aa0_17, v0x12e1aa0_18;
v0x12e1aa0_19 .array/port v0x12e1aa0, 19;
v0x12e1aa0_20 .array/port v0x12e1aa0, 20;
v0x12e1aa0_21 .array/port v0x12e1aa0, 21;
v0x12e1aa0_22 .array/port v0x12e1aa0, 22;
E_0x12c09e0/5 .event edge, v0x12e1aa0_19, v0x12e1aa0_20, v0x12e1aa0_21, v0x12e1aa0_22;
v0x12e1aa0_23 .array/port v0x12e1aa0, 23;
v0x12e1aa0_24 .array/port v0x12e1aa0, 24;
v0x12e1aa0_25 .array/port v0x12e1aa0, 25;
v0x12e1aa0_26 .array/port v0x12e1aa0, 26;
E_0x12c09e0/6 .event edge, v0x12e1aa0_23, v0x12e1aa0_24, v0x12e1aa0_25, v0x12e1aa0_26;
v0x12e1aa0_27 .array/port v0x12e1aa0, 27;
v0x12e1aa0_28 .array/port v0x12e1aa0, 28;
v0x12e1aa0_29 .array/port v0x12e1aa0, 29;
v0x12e1aa0_30 .array/port v0x12e1aa0, 30;
E_0x12c09e0/7 .event edge, v0x12e1aa0_27, v0x12e1aa0_28, v0x12e1aa0_29, v0x12e1aa0_30;
v0x12e1aa0_31 .array/port v0x12e1aa0, 31;
E_0x12c09e0/8 .event edge, v0x12e1aa0_31, v0x12e0f60_0, v0x12ddea0_0, v0x12e0fe0_0;
E_0x12c09e0/9 .event edge, v0x12dd5c0_0, v0x12dd660_0, v0x12e0ec0_0, v0x12de0e0_0;
E_0x12c09e0/10 .event edge, v0x12de060_0, v0x12e1200_0, v0x12e1160_0, v0x12dde00_0;
E_0x12c09e0/11 .event edge, v0x12dea60_0, v0x12e10e0_0, v0x12e16a0_0, v0x12e0d20_0;
E_0x12c09e0/12 .event edge, v0x12e0da0_0, v0x12e0b80_0, v0x12e0980_0, v0x12e12c0_0;
E_0x12c09e0/13 .event edge, v0x12de830_0, v0x12de900_0, v0x12e0e20_0, v0x12e1340_0;
E_0x12c09e0/14 .event edge, v0x12dd410_0, v0x12dd4b0_0, v0x12dd0e0_0, v0x12dd000_0;
E_0x12c09e0/15 .event edge, v0x12ddfe0_0, v0x12dd310_0, v0x12dd270_0;
E_0x12c09e0 .event/or E_0x12c09e0/0, E_0x12c09e0/1, E_0x12c09e0/2, E_0x12c09e0/3, E_0x12c09e0/4, E_0x12c09e0/5, E_0x12c09e0/6, E_0x12c09e0/7, E_0x12c09e0/8, E_0x12c09e0/9, E_0x12c09e0/10, E_0x12c09e0/11, E_0x12c09e0/12, E_0x12c09e0/13, E_0x12c09e0/14, E_0x12c09e0/15;
L_0x12e7790 .part L_0x12e4770, 0, 6;
S_0x12debd0 .scope module, "myDecoder" "decoder" 2 50, 3 44 0, S_0x12967e0;
 .timescale -9 -9;
L_0x12dd390 .functor AND 1, L_0x12e39f0, L_0x12e3ce0, C4<1>, C4<1>;
L_0x12e4170 .functor NOT 1, L_0x12e3730, C4<0>, C4<0>, C4<0>;
L_0x12e4ce0 .functor AND 1, L_0x12e4bf0, L_0x12e4170, C4<1>, C4<1>;
L_0x12e4b50 .functor AND 1, L_0x12e4ec0, L_0x12e3730, C4<1>, C4<1>;
L_0x12e52b0 .functor AND 1, L_0x12e6120, L_0x12e5d30, C4<1>, C4<1>;
L_0x12e6600 .functor AND 1, L_0x12e6080, L_0x12e6200, C4<1>, C4<1>;
L_0x12e6a40 .functor AND 1, L_0x12e63a0, L_0x12e64e0, C4<1>, C4<1>;
L_0x12e6e70 .functor AND 1, L_0x12e6780, L_0x12e68d0, C4<1>, C4<1>;
v0x12de980_0 .net *"_s10", 4 0, C4<01000>; 1 drivers
v0x12decc0_0 .net *"_s100", 3 0, C4<1111>; 1 drivers
v0x12ded40_0 .net *"_s102", 0 0, L_0x12e6120; 1 drivers
v0x12dedc0_0 .net *"_s104", 11 0, C4<000000000001>; 1 drivers
v0x12dee40_0 .net *"_s106", 0 0, L_0x12e5d30; 1 drivers
v0x12deec0_0 .net *"_s110", 3 0, C4<1111>; 1 drivers
v0x12def60_0 .net *"_s112", 0 0, L_0x12e6080; 1 drivers
v0x12df000_0 .net *"_s114", 11 0, C4<000000000010>; 1 drivers
v0x12df0a0_0 .net *"_s116", 0 0, L_0x12e6200; 1 drivers
v0x12df140_0 .net *"_s12", 0 0, L_0x12e39f0; 1 drivers
v0x12df1e0_0 .net *"_s120", 3 0, C4<1111>; 1 drivers
v0x12df280_0 .net *"_s122", 0 0, L_0x12e63a0; 1 drivers
v0x12df320_0 .net *"_s124", 11 0, C4<111111111111>; 1 drivers
v0x12df3c0_0 .net *"_s126", 0 0, L_0x12e64e0; 1 drivers
v0x12df4e0_0 .net *"_s130", 3 0, C4<1111>; 1 drivers
v0x12df580_0 .net *"_s132", 0 0, L_0x12e6780; 1 drivers
v0x12df440_0 .net *"_s134", 11 0, C4<101010101010>; 1 drivers
v0x12df6d0_0 .net *"_s136", 0 0, L_0x12e68d0; 1 drivers
v0x12df7f0_0 .net *"_s14", 4 0, L_0x12e3b30; 1 drivers
v0x12df870_0 .net *"_s17", 0 0, C4<0>; 1 drivers
v0x12df750_0 .net *"_s18", 4 0, C4<01011>; 1 drivers
v0x12df9a0_0 .net *"_s20", 0 0, L_0x12e3ce0; 1 drivers
v0x12df8f0_0 .net *"_s29", 2 0, L_0x12e40d0; 1 drivers
v0x12dfae0_0 .net *"_s31", 2 0, L_0x12e41d0; 1 drivers
v0x12dfa40_0 .net *"_s35", 2 0, L_0x12e4470; 1 drivers
v0x12dfc30_0 .net *"_s37", 2 0, L_0x12e4510; 1 drivers
v0x12dfb80_0 .net *"_s42", 3 0, C4<0001>; 1 drivers
v0x12dfd90_0 .net *"_s46", 3 0, C4<0010>; 1 drivers
v0x12dfcd0_0 .net *"_s50", 3 0, C4<0011>; 1 drivers
v0x12dff00_0 .net *"_s52", 0 0, L_0x12e4bf0; 1 drivers
v0x12dfe10_0 .net *"_s54", 0 0, L_0x12e4170; 1 drivers
v0x12e0080_0 .net *"_s58", 3 0, C4<0011>; 1 drivers
v0x12dff80_0 .net *"_s6", 4 0, L_0x12e3900; 1 drivers
v0x12e0210_0 .net *"_s60", 0 0, L_0x12e4ec0; 1 drivers
v0x12e0100_0 .net *"_s64", 3 0, C4<0100>; 1 drivers
v0x12e03b0_0 .net *"_s68", 3 0, C4<0101>; 1 drivers
v0x12e0290_0 .net *"_s72", 3 0, C4<0110>; 1 drivers
v0x12e0330_0 .net *"_s76", 3 0, C4<0111>; 1 drivers
v0x12e0570_0 .net *"_s80", 3 0, C4<1000>; 1 drivers
v0x12e05f0_0 .net *"_s84", 3 0, C4<1001>; 1 drivers
v0x12e0430_0 .net *"_s88", 3 0, C4<1010>; 1 drivers
v0x12e04d0_0 .net *"_s9", 0 0, C4<0>; 1 drivers
v0x12e07d0_0 .net *"_s92", 3 0, C4<1011>; 1 drivers
v0x12e0850_0 .net *"_s96", 3 0, C4<1100>; 1 drivers
v0x12e0670_0 .alias "addi_po", 0 0, v0x12e1fd0_0;
v0x12e0720_0 .alias "alu_func_po", 2 0, v0x12e23d0_0;
v0x12e0a50_0 .alias "arith_1op_po", 0 0, v0x12e2570_0;
v0x12e0b00_0 .alias "arith_2op_po", 0 0, v0x12e2640_0;
v0x12e0900_0 .net "branch", 0 0, L_0x12dd390; 1 drivers
v0x12e0980_0 .alias "branch_carry_po", 0 0, v0x12e26c0_0;
v0x12e0d20_0 .alias "branch_eq_po", 0 0, v0x12e2740_0;
v0x12e0da0_0 .alias "branch_ge_po", 0 0, v0x12e27c0_0;
v0x12e0b80_0 .alias "branch_le_po", 0 0, v0x12e2840_0;
v0x12e0c20_0 .net "ctrlfunc", 11 0, L_0x12e37d0; 1 drivers
v0x12e0fe0_0 .alias "destination_reg_po", 2 0, v0x12e2940_0;
v0x12e1060_0 .net "func", 0 0, L_0x12e3730; 1 drivers
v0x12e0e20_0 .alias "halt_cmd_po", 0 0, v0x12e29c0_0;
v0x12e0ec0_0 .alias "immediate_po", 11 0, v0x12e2ad0_0;
v0x12e0f60_0 .net "instruction_pi", 15 0, v0x12e2a40_0; 1 drivers
v0x12e12c0_0 .alias "jump_po", 0 0, v0x12e2bf0_0;
v0x12e10e0_0 .alias "load_po", 0 0, v0x12e2d20_0;
v0x12e1160_0 .alias "movi_higher_po", 0 0, v0x12e2da0_0;
v0x12e1200_0 .alias "movi_lower_po", 0 0, v0x12e2c70_0;
v0x12e1540_0 .net "opcode", 3 0, L_0x12e34a0; 1 drivers
v0x12e1340_0 .alias "rst_cmd_po", 0 0, v0x12e30b0_0;
v0x12e13e0_0 .alias "source_reg1_po", 2 0, v0x12e2f60_0;
v0x12e1490_0 .alias "source_reg2_po", 2 0, v0x12e3210_0;
v0x12e17e0_0 .alias "stb_cmd_po", 0 0, v0x12e3180_0;
v0x12e15f0_0 .alias "stc_cmd_po", 0 0, v0x12e33d0_0;
v0x12e16a0_0 .alias "store_po", 0 0, v0x12e32e0_0;
v0x12e1720_0 .alias "subi_po", 0 0, v0x12e3550_0;
L_0x12e34a0 .part v0x12e2a40_0, 12, 4;
L_0x12e3730 .part v0x12e2a40_0, 8, 1;
L_0x12e37d0 .part v0x12e2a40_0, 0, 12;
L_0x12e3900 .concat [ 4 1 0 0], L_0x12e34a0, C4<0>;
L_0x12e39f0 .cmp/ge 5, L_0x12e3900, C4<01000>;
L_0x12e3b30 .concat [ 4 1 0 0], L_0x12e34a0, C4<0>;
L_0x12e3ce0 .cmp/ge 5, C4<01011>, L_0x12e3b30;
L_0x12e3ef0 .part v0x12e2a40_0, 9, 3;
L_0x12e4030 .part v0x12e2a40_0, 0, 3;
L_0x12e40d0 .part v0x12e2a40_0, 9, 3;
L_0x12e41d0 .part v0x12e2a40_0, 6, 3;
L_0x12e4380 .functor MUXZ 3, L_0x12e41d0, L_0x12e40d0, L_0x12dd390, C4<>;
L_0x12e4470 .part v0x12e2a40_0, 6, 3;
L_0x12e4510 .part v0x12e2a40_0, 3, 3;
L_0x12e4630 .functor MUXZ 3, L_0x12e4510, L_0x12e4470, L_0x12dd390, C4<>;
L_0x12e4770 .part v0x12e2a40_0, 0, 12;
L_0x12e48f0 .cmp/eq 4, L_0x12e34a0, C4<0001>;
L_0x12e4a60 .cmp/eq 4, L_0x12e34a0, C4<0010>;
L_0x12e4bf0 .cmp/eq 4, L_0x12e34a0, C4<0011>;
L_0x12e4ec0 .cmp/eq 4, L_0x12e34a0, C4<0011>;
L_0x12e5100 .cmp/eq 4, L_0x12e34a0, C4<0100>;
L_0x12e5310 .cmp/eq 4, L_0x12e34a0, C4<0101>;
L_0x12e4fb0 .cmp/eq 4, L_0x12e34a0, C4<0110>;
L_0x12e5510 .cmp/eq 4, L_0x12e34a0, C4<0111>;
L_0x12e5720 .cmp/eq 4, L_0x12e34a0, C4<1000>;
L_0x12e5850 .cmp/eq 4, L_0x12e34a0, C4<1001>;
L_0x12e5a70 .cmp/eq 4, L_0x12e34a0, C4<1010>;
L_0x12e5bf0 .cmp/eq 4, L_0x12e34a0, C4<1011>;
L_0x12e59d0 .cmp/eq 4, L_0x12e34a0, C4<1100>;
L_0x12e6120 .cmp/eq 4, L_0x12e34a0, C4<1111>;
L_0x12e5d30 .cmp/eq 12, L_0x12e37d0, C4<000000000001>;
L_0x12e6080 .cmp/eq 4, L_0x12e34a0, C4<1111>;
L_0x12e6200 .cmp/eq 12, L_0x12e37d0, C4<000000000010>;
L_0x12e63a0 .cmp/eq 4, L_0x12e34a0, C4<1111>;
L_0x12e64e0 .cmp/eq 12, L_0x12e37d0, C4<111111111111>;
L_0x12e6780 .cmp/eq 4, L_0x12e34a0, C4<1111>;
L_0x12e68d0 .cmp/eq 12, L_0x12e37d0, C4<101010101010>;
S_0x12dd780 .scope module, "myALU" "alu" 2 77, 4 53 0, S_0x12967e0;
 .timescale -9 -9;
L_0x12e0cc0 .functor OR 1, L_0x12e52b0, L_0x12e7560, C4<0>, C4<0>;
L_0x12de310 .functor OR 1, L_0x12e6600, L_0x12e7480, C4<0>, C4<0>;
v0x12dd890_0 .net *"_s10", 0 0, L_0x12e7560; 1 drivers
v0x12dd950_0 .net *"_s14", 1 0, L_0x12e7600; 1 drivers
v0x12dd9f0_0 .net *"_s17", 0 0, C4<0>; 1 drivers
v0x12dda90_0 .net *"_s18", 1 0, C4<01>; 1 drivers
v0x12ddb40_0 .net *"_s20", 0 0, L_0x12e7480; 1 drivers
v0x12ddbe0_0 .net *"_s4", 1 0, L_0x12e73e0; 1 drivers
v0x12ddcc0_0 .net *"_s7", 0 0, C4<0>; 1 drivers
v0x12ddd60_0 .net *"_s8", 1 0, C4<01>; 1 drivers
v0x12dde00_0 .alias "addi_pi", 0 0, v0x12e1fd0_0;
v0x12ddea0_0 .alias "alu_func_pi", 2 0, v0x12e23d0_0;
v0x12ddf40_0 .var "alu_out_reg", 15 0;
v0x12ddfe0_0 .alias "alu_result_po", 15 0, v0x12e24a0_0;
v0x12de060_0 .alias "arith_1op_pi", 0 0, v0x12e2570_0;
v0x12de0e0_0 .alias "arith_2op_pi", 0 0, v0x12e2640_0;
v0x12de1e0_0 .alias "borrow_in_pi", 0 0, v0x12e2050_0;
v0x12de260_0 .alias "borrow_out_po", 0 0, v0x12e2120_0;
v0x12de160_0 .var "borrow_out_reg", 0 0;
v0x12de3a0_0 .alias "carry_in_pi", 0 0, v0x12e21f0_0;
v0x12de4c0_0 .alias "carry_out_po", 0 0, v0x12e22c0_0;
v0x12de540_0 .var "carry_out_reg", 0 0;
v0x12de420_0 .net "immediate_pi", 5 0, L_0x12e7790; 1 drivers
v0x12de670_0 .net "instr_onehot_and_func", 7 0, L_0x12e7010; 1 drivers
v0x12de5c0_0 .net "load_or_store_pi", 0 0, L_0x12df620; 1 drivers
v0x12de7b0_0 .alias "reg1_data_pi", 15 0, v0x12e2ee0_0;
v0x12de6f0_0 .alias "reg2_data_pi", 15 0, v0x12e3030_0;
v0x12de900_0 .alias "stb_cmd_pi", 0 0, v0x12e3180_0;
v0x12de830_0 .alias "stc_cmd_pi", 0 0, v0x12e33d0_0;
v0x12dea60_0 .alias "subi_pi", 0 0, v0x12e3550_0;
E_0x12dcf30/0 .event edge, v0x12dd0e0_0, v0x12dd000_0, v0x12de670_0, v0x12dd410_0;
E_0x12dcf30/1 .event edge, v0x12dd4b0_0, v0x12de420_0;
E_0x12dcf30 .event/or E_0x12dcf30/0, E_0x12dcf30/1;
LS_0x12e7010_0_0 .concat [ 3 1 1 1], L_0x12e4030, L_0x12df620, L_0x12e5310, L_0x12e5100;
LS_0x12e7010_0_4 .concat [ 1 1 0 0], L_0x12e48f0, L_0x12e4a60;
L_0x12e7010 .concat [ 6 2 0 0], LS_0x12e7010_0_0, LS_0x12e7010_0_4;
L_0x12e73e0 .concat [ 1 1 0 0], v0x12de540_0, C4<0>;
L_0x12e7560 .cmp/eeq 2, L_0x12e73e0, C4<01>;
L_0x12e7600 .concat [ 1 1 0 0], v0x12de160_0, C4<0>;
L_0x12e7480 .cmp/eeq 2, L_0x12e7600, C4<01>;
S_0x12808a0 .scope module, "myRegfile" "regfile" 2 96, 5 2 0, S_0x12967e0;
 .timescale -9 -9;
P_0x12b1bc8 .param/l "NUM_REG" 5 13, +C4<01000>;
L_0x12e0000 .functor BUFZ 16, L_0x12e7830, C4<0000000000000000>, C4<0000000000000000>, C4<0000000000000000>;
L_0x12e45b0 .functor BUFZ 16, L_0x12e7960, C4<0000000000000000>, C4<0000000000000000>, C4<0000000000000000>;
v0x12af540_0 .var "BORROW_FLAG", 0 0;
v0x12dcd90_0 .var "CARRY_FLAG", 0 0;
v0x12dce30 .array "REG_FILE", 0 7, 15 0;
v0x12dceb0_0 .net *"_s0", 15 0, L_0x12e7830; 1 drivers
v0x12dcf60_0 .net *"_s4", 15 0, L_0x12e7960; 1 drivers
v0x12dd000_0 .alias "current_borrow_po", 0 0, v0x12e2050_0;
v0x12dd0e0_0 .alias "current_carry_po", 0 0, v0x12e21f0_0;
v0x12dd180_0 .var/i "i", 31 0;
v0x12dd270_0 .alias "new_borrow_pi", 0 0, v0x12e2120_0;
v0x12dd310_0 .alias "new_carry_pi", 0 0, v0x12e22c0_0;
v0x12dd410_0 .alias "reg1_data_po", 15 0, v0x12e2ee0_0;
v0x12dd4b0_0 .alias "reg2_data_po", 15 0, v0x12e3030_0;
v0x12dd5c0_0 .alias "source_reg1_pi", 2 0, v0x12e2f60_0;
v0x12dd660_0 .alias "source_reg2_pi", 2 0, v0x12e3210_0;
L_0x12e7830 .array/port v0x12dce30, L_0x12e4380;
L_0x12e7960 .array/port v0x12dce30, L_0x12e4630;
    .scope S_0x12dd780;
T_0 ;
    %wait E_0x12dcf30;
    %load/v 8, v0x12de3a0_0, 1;
    %set/v v0x12de540_0, 8, 1;
    %load/v 8, v0x12de1e0_0, 1;
    %set/v v0x12de160_0, 8, 1;
    %load/v 8, v0x12de670_0, 8;
    %movi 16, 128, 8;
    %cmp/z 8, 16, 8;
    %jmp/1 T_0.0, 4;
    %movi 16, 129, 8;
    %cmp/z 8, 16, 8;
    %jmp/1 T_0.1, 4;
    %movi 16, 130, 8;
    %cmp/z 8, 16, 8;
    %jmp/1 T_0.2, 4;
    %movi 16, 131, 8;
    %cmp/z 8, 16, 8;
    %jmp/1 T_0.3, 4;
    %movi 16, 64, 8;
    %cmp/z 8, 16, 8;
    %jmp/1 T_0.4, 4;
    %movi 16, 65, 8;
    %cmp/z 8, 16, 8;
    %jmp/1 T_0.5, 4;
    %movi 16, 66, 8;
    %cmp/z 8, 16, 8;
    %jmp/1 T_0.6, 4;
    %movi 16, 67, 8;
    %cmp/z 8, 16, 8;
    %jmp/1 T_0.7, 4;
    %movi 16, 68, 8;
    %cmp/z 8, 16, 8;
    %jmp/1 T_0.8, 4;
    %movi 16, 69, 8;
    %cmp/z 8, 16, 8;
    %jmp/1 T_0.9, 4;
    %movi 16, 70, 8;
    %cmp/z 8, 16, 8;
    %jmp/1 T_0.10, 4;
    %movi 16, 71, 8;
    %cmp/z 8, 16, 8;
    %jmp/1 T_0.11, 4;
    %mov 16, 3, 3;
    %movi 19, 4, 5;
    %cmp/z 8, 16, 8;
    %jmp/1 T_0.12, 4;
    %mov 24, 3, 3;
    %movi 27, 2, 5;
    %cmp/z 8, 24, 8;
    %jmp/1 T_0.13, 4;
    %mov 32, 3, 3;
    %movi 35, 1, 5;
    %cmp/z 8, 32, 8;
    %jmp/1 T_0.14, 4;
    %set/v v0x12ddf40_0, 0, 16;
    %jmp T_0.16;
T_0.0 ;
    %load/v 8, v0x12de7b0_0, 16;
    %inv 8, 16;
    %set/v v0x12ddf40_0, 8, 16;
    %jmp T_0.16;
T_0.1 ;
    %load/v 8, v0x12de7b0_0, 16;
    %ix/load 0, 1, 0;
    %mov 4, 0, 1;
    %shiftl/i0  8, 16;
    %set/v v0x12ddf40_0, 8, 16;
    %jmp T_0.16;
T_0.2 ;
    %ix/load 1, 1, 0;
    %mov 4, 0, 1;
    %jmp/1 T_0.17, 4;
    %load/x1p 24, v0x12de7b0_0, 15;
    %jmp T_0.18;
T_0.17 ;
    %mov 24, 2, 15;
T_0.18 ;
    %mov 8, 24, 15; Move signal select into place
    %mov 23, 0, 1;
    %set/v v0x12ddf40_0, 8, 16;
    %jmp T_0.16;
T_0.3 ;
    %load/v 8, v0x12de7b0_0, 16;
    %set/v v0x12ddf40_0, 8, 16;
    %jmp T_0.16;
T_0.4 ;
    %load/v 8, v0x12de7b0_0, 16;
    %mov 24, 0, 1;
    %load/v 25, v0x12de6f0_0, 16;
    %mov 41, 0, 1;
    %add 8, 25, 17;
    %set/v v0x12ddf40_0, 8, 16;
    %set/v v0x12de540_0, 24, 1;
    %jmp T_0.16;
T_0.5 ;
    %load/v 8, v0x12de7b0_0, 16;
    %mov 24, 0, 1;
    %load/v 25, v0x12de6f0_0, 16;
    %mov 41, 0, 1;
    %add 8, 25, 17;
    %load/v 25, v0x12de3a0_0, 1;
    %mov 26, 0, 16;
    %add 8, 25, 17;
    %set/v v0x12ddf40_0, 8, 16;
    %set/v v0x12de540_0, 24, 1;
    %jmp T_0.16;
T_0.6 ;
    %load/v 8, v0x12de7b0_0, 16;
    %load/v 24, v0x12de6f0_0, 16;
    %cmp/u 8, 24, 16;
    %mov 8, 5, 1;
    %set/v v0x12de160_0, 8, 1;
    %load/v 8, v0x12de7b0_0, 16;
    %load/v 24, v0x12de6f0_0, 16;
    %sub 8, 24, 16;
    %set/v v0x12ddf40_0, 8, 16;
    %jmp T_0.16;
T_0.7 ;
    %load/v 8, v0x12de7b0_0, 16;
    %load/v 24, v0x12de6f0_0, 16;
    %sub 8, 24, 16;
    %load/v 24, v0x12de1e0_0, 1;
    %mov 25, 0, 15;
    %sub 8, 24, 16;
    %set/v v0x12ddf40_0, 8, 16;
    %load/v 8, v0x12de7b0_0, 16;
    %load/v 24, v0x12de6f0_0, 16;
    %load/v 40, v0x12de1e0_0, 1;
    %mov 41, 0, 15;
    %add 24, 40, 16;
    %cmp/u 8, 24, 16;
    %mov 8, 5, 1;
    %set/v v0x12de160_0, 8, 1;
    %jmp T_0.16;
T_0.8 ;
    %load/v 8, v0x12de7b0_0, 16;
    %load/v 24, v0x12de6f0_0, 16;
    %and 8, 24, 16;
    %set/v v0x12ddf40_0, 8, 16;
    %jmp T_0.16;
T_0.9 ;
    %load/v 8, v0x12de7b0_0, 16;
    %load/v 24, v0x12de6f0_0, 16;
    %or 8, 24, 16;
    %set/v v0x12ddf40_0, 8, 16;
    %jmp T_0.16;
T_0.10 ;
    %load/v 8, v0x12de7b0_0, 16;
    %load/v 24, v0x12de6f0_0, 16;
    %xor 8, 24, 16;
    %set/v v0x12ddf40_0, 8, 16;
    %jmp T_0.16;
T_0.11 ;
    %load/v 8, v0x12de7b0_0, 16;
    %load/v 24, v0x12de6f0_0, 16;
    %xor 8, 24, 16;
    %inv 8, 16;
    %set/v v0x12ddf40_0, 8, 16;
    %jmp T_0.16;
T_0.12 ;
    %load/v 8, v0x12de7b0_0, 16;
    %mov 24, 0, 1;
    %load/v 25, v0x12de420_0, 6;
    %mov 31, 0, 11;
    %add 8, 25, 17;
    %set/v v0x12ddf40_0, 8, 16;
    %set/v v0x12de540_0, 24, 1;
    %jmp T_0.16;
T_0.13 ;
    %load/v 8, v0x12de7b0_0, 16;
    %load/v 24, v0x12de420_0, 6;
    %mov 30, 0, 10;
    %cmp/u 8, 24, 16;
    %mov 8, 5, 1;
    %set/v v0x12de160_0, 8, 1;
    %load/v 8, v0x12de7b0_0, 16;
    %load/v 24, v0x12de420_0, 6;
    %mov 30, 0, 10;
    %sub 8, 24, 16;
    %set/v v0x12ddf40_0, 8, 16;
    %jmp T_0.16;
T_0.14 ;
    %load/v 8, v0x12de7b0_0, 16;
    %load/v 24, v0x12de420_0, 6;
    %mov 30, 0, 10;
    %add 8, 24, 16;
    %set/v v0x12ddf40_0, 8, 16;
    %jmp T_0.16;
T_0.16 ;
    %jmp T_0;
    .thread T_0, $push;
    .scope S_0x12808a0;
T_1 ;
    %set/v v0x12dd180_0, 0, 32;
T_1.0 ;
    %load/v 8, v0x12dd180_0, 32;
   %cmpi/s 8, 8, 32;
    %jmp/0xz T_1.1, 5;
    %load/v 8, v0x12dd180_0, 32;
    %mov 40, 39, 1;
   %addi 8, 1, 33;
    %ix/getv/s 3, v0x12dd180_0;
   %jmp/1 t_0, 4;
   %ix/load 1, 0, 0;
   %set/av v0x12dce30, 8, 16;
t_0 ;
    %ix/load 0, 1, 0;
    %load/vp0/s 8, v0x12dd180_0, 32;
    %set/v v0x12dd180_0, 8, 32;
    %jmp T_1.0;
T_1.1 ;
    %set/v v0x12dcd90_0, 1, 1;
    %set/v v0x12af540_0, 1, 1;
    %end;
    .thread T_1;
    .scope S_0x12967e0;
T_2 ;
    %set/v v0x12e28c0_0, 0, 32;
T_2.0 ;
    %load/v 8, v0x12e28c0_0, 32;
   %cmpi/s 8, 32, 32;
    %jmp/0xz T_2.1, 5;
    %load/v 8, v0x12e28c0_0, 32;
    %cmpi/u 8, 0, 32;
    %jmp/1 T_2.2, 6;
    %cmpi/u 8, 1, 32;
    %jmp/1 T_2.3, 6;
    %cmpi/u 8, 2, 32;
    %jmp/1 T_2.4, 6;
    %cmpi/u 8, 3, 32;
    %jmp/1 T_2.5, 6;
    %cmpi/u 8, 4, 32;
    %jmp/1 T_2.6, 6;
    %cmpi/u 8, 5, 32;
    %jmp/1 T_2.7, 6;
    %cmpi/u 8, 6, 32;
    %jmp/1 T_2.8, 6;
    %cmpi/u 8, 7, 32;
    %jmp/1 T_2.9, 6;
    %cmpi/u 8, 8, 32;
    %jmp/1 T_2.10, 6;
    %cmpi/u 8, 9, 32;
    %jmp/1 T_2.11, 6;
    %cmpi/u 8, 10, 32;
    %jmp/1 T_2.12, 6;
    %cmpi/u 8, 11, 32;
    %jmp/1 T_2.13, 6;
    %cmpi/u 8, 12, 32;
    %jmp/1 T_2.14, 6;
    %cmpi/u 8, 13, 32;
    %jmp/1 T_2.15, 6;
    %cmpi/u 8, 14, 32;
    %jmp/1 T_2.16, 6;
    %cmpi/u 8, 15, 32;
    %jmp/1 T_2.17, 6;
    %cmpi/u 8, 16, 32;
    %jmp/1 T_2.18, 6;
    %cmpi/u 8, 17, 32;
    %jmp/1 T_2.19, 6;
    %cmpi/u 8, 18, 32;
    %jmp/1 T_2.20, 6;
    %cmpi/u 8, 19, 32;
    %jmp/1 T_2.21, 6;
    %cmpi/u 8, 20, 32;
    %jmp/1 T_2.22, 6;
    %cmpi/u 8, 21, 32;
    %jmp/1 T_2.23, 6;
    %cmpi/u 8, 22, 32;
    %jmp/1 T_2.24, 6;
    %cmpi/u 8, 23, 32;
    %jmp/1 T_2.25, 6;
    %cmpi/u 8, 24, 32;
    %jmp/1 T_2.26, 6;
    %cmpi/u 8, 25, 32;
    %jmp/1 T_2.27, 6;
    %cmpi/u 8, 26, 32;
    %jmp/1 T_2.28, 6;
    %cmpi/u 8, 27, 32;
    %jmp/1 T_2.29, 6;
    %cmpi/u 8, 28, 32;
    %jmp/1 T_2.30, 6;
    %cmpi/u 8, 29, 32;
    %jmp/1 T_2.31, 6;
    %cmpi/u 8, 30, 32;
    %jmp/1 T_2.32, 6;
    %cmpi/u 8, 31, 32;
    %jmp/1 T_2.33, 6;
    %ix/getv/s 3, v0x12e28c0_0;
   %jmp/1 t_1, 4;
   %ix/load 1, 0, 0;
   %set/av v0x12e1aa0, 0, 16;
t_1 ;
    %jmp T_2.35;
T_2.2 ;
    %movi 8, 6296, 16;
   %ix/load 1, 0, 0;
   %ix/load 3, 0, 0;
   %set/av v0x12e1aa0, 8, 16;
    %jmp T_2.35;
T_2.3 ;
    %movi 8, 6433, 16;
   %ix/load 1, 0, 0;
   %ix/load 3, 1, 0;
   %set/av v0x12e1aa0, 8, 16;
    %jmp T_2.35;
T_2.4 ;
    %movi 8, 61441, 16;
   %ix/load 1, 0, 0;
   %ix/load 3, 2, 0;
   %set/av v0x12e1aa0, 8, 16;
    %jmp T_2.35;
T_2.5 ;
    %movi 8, 6433, 16;
   %ix/load 1, 0, 0;
   %ix/load 3, 3, 0;
   %set/av v0x12e1aa0, 8, 16;
    %jmp T_2.35;
T_2.6 ;
    %movi 8, 18165, 16;
   %ix/load 1, 0, 0;
   %ix/load 3, 4, 0;
   %set/av v0x12e1aa0, 8, 16;
    %jmp T_2.35;
T_2.7 ;
    %movi 8, 6354, 16;
   %ix/load 1, 0, 0;
   %ix/load 3, 5, 0;
   %set/av v0x12e1aa0, 8, 16;
    %jmp T_2.35;
T_2.8 ;
    %movi 8, 6867, 16;
   %ix/load 1, 0, 0;
   %ix/load 3, 6, 0;
   %set/av v0x12e1aa0, 8, 16;
    %jmp T_2.35;
T_2.9 ;
    %movi 8, 61442, 16;
   %ix/load 1, 0, 0;
   %ix/load 3, 7, 0;
   %set/av v0x12e1aa0, 8, 16;
    %jmp T_2.35;
T_2.10 ;
    %movi 8, 6939, 16;
   %ix/load 1, 0, 0;
   %ix/load 3, 8, 0;
   %set/av v0x12e1aa0, 8, 16;
    %jmp T_2.35;
T_2.11 ;
    %movi 8, 22786, 16;
   %ix/load 1, 0, 0;
   %ix/load 3, 9, 0;
   %set/av v0x12e1aa0, 8, 16;
    %jmp T_2.35;
T_2.12 ;
    %movi 8, 8174, 16;
   %ix/load 1, 0, 0;
   %ix/load 3, 10, 0;
   %set/av v0x12e1aa0, 8, 16;
    %jmp T_2.35;
T_2.13 ;
    %movi 8, 6591, 16;
   %ix/load 1, 0, 0;
   %ix/load 3, 11, 0;
   %set/av v0x12e1aa0, 8, 16;
    %jmp T_2.35;
T_2.14 ;
    %movi 8, 8052, 16;
   %ix/load 1, 0, 0;
   %ix/load 3, 12, 0;
   %set/av v0x12e1aa0, 8, 16;
    %jmp T_2.35;
T_2.15 ;
    %movi 8, 8149, 16;
   %ix/load 1, 0, 0;
   %ix/load 3, 13, 0;
   %set/av v0x12e1aa0, 8, 16;
    %jmp T_2.35;
T_2.16 ;
    %movi 8, 15786, 16;
   %ix/load 1, 0, 0;
   %ix/load 3, 14, 0;
   %set/av v0x12e1aa0, 8, 16;
    %jmp T_2.35;
T_2.17 ;
    %movi 8, 15547, 16;
   %ix/load 1, 0, 0;
   %ix/load 3, 15, 0;
   %set/av v0x12e1aa0, 8, 16;
    %jmp T_2.35;
T_2.18 ;
    %movi 8, 12224, 16;
   %ix/load 1, 0, 0;
   %ix/load 3, 16, 0;
   %set/av v0x12e1aa0, 8, 16;
    %jmp T_2.35;
T_2.19 ;
    %movi 8, 11715, 16;
   %ix/load 1, 0, 0;
   %ix/load 3, 17, 0;
   %set/av v0x12e1aa0, 8, 16;
    %jmp T_2.35;
T_2.20 ;
    %movi 8, 9922, 16;
   %ix/load 1, 0, 0;
   %ix/load 3, 18, 0;
   %set/av v0x12e1aa0, 8, 16;
    %jmp T_2.35;
T_2.21 ;
    %movi 8, 11777, 16;
   %ix/load 1, 0, 0;
   %ix/load 3, 19, 0;
   %set/av v0x12e1aa0, 8, 16;
    %jmp T_2.35;
T_2.22 ;
    %movi 8, 29272, 16;
   %ix/load 1, 0, 0;
   %ix/load 3, 20, 0;
   %set/av v0x12e1aa0, 8, 16;
    %jmp T_2.35;
T_2.23 ;
    %movi 8, 25316, 16;
   %ix/load 1, 0, 0;
   %ix/load 3, 21, 0;
   %set/av v0x12e1aa0, 8, 16;
    %jmp T_2.35;
T_2.24 ;
    %movi 8, 53006, 16;
   %ix/load 1, 0, 0;
   %ix/load 3, 22, 0;
   %set/av v0x12e1aa0, 8, 16;
    %jmp T_2.35;
T_2.25 ;
    %movi 8, 33407, 16;
   %ix/load 1, 0, 0;
   %ix/load 3, 23, 0;
   %set/av v0x12e1aa0, 8, 16;
    %jmp T_2.35;
T_2.26 ;
    %movi 8, 33470, 16;
   %ix/load 1, 0, 0;
   %ix/load 3, 24, 0;
   %set/av v0x12e1aa0, 8, 16;
    %jmp T_2.35;
T_2.27 ;
    %movi 8, 37503, 16;
   %ix/load 1, 0, 0;
   %ix/load 3, 25, 0;
   %set/av v0x12e1aa0, 8, 16;
    %jmp T_2.35;
T_2.28 ;
    %movi 8, 37566, 16;
   %ix/load 1, 0, 0;
   %ix/load 3, 26, 0;
   %set/av v0x12e1aa0, 8, 16;
    %jmp T_2.35;
T_2.29 ;
    %movi 8, 41599, 16;
   %ix/load 1, 0, 0;
   %ix/load 3, 27, 0;
   %set/av v0x12e1aa0, 8, 16;
    %jmp T_2.35;
T_2.30 ;
    %movi 8, 41662, 16;
   %ix/load 1, 0, 0;
   %ix/load 3, 28, 0;
   %set/av v0x12e1aa0, 8, 16;
    %jmp T_2.35;
T_2.31 ;
    %movi 8, 45119, 16;
   %ix/load 1, 0, 0;
   %ix/load 3, 29, 0;
   %set/av v0x12e1aa0, 8, 16;
    %jmp T_2.35;
T_2.32 ;
    %movi 8, 64170, 16;
   %ix/load 1, 0, 0;
   %ix/load 3, 30, 0;
   %set/av v0x12e1aa0, 8, 16;
    %jmp T_2.35;
T_2.33 ;
   %ix/load 1, 0, 0;
   %ix/load 3, 31, 0;
   %set/av v0x12e1aa0, 1, 16;
    %jmp T_2.35;
T_2.35 ;
    %ix/load 0, 1, 0;
    %load/vp0/s 8, v0x12e28c0_0, 32;
    %set/v v0x12e28c0_0, 8, 32;
    %jmp T_2.0;
T_2.1 ;
    %vpi_call 2 154 "$display", "*************************************";
    %vpi_call 2 155 "$display", "\011No.\011Instruction\011\011Decoded Signals\012";
    %end;
    .thread T_2;
    .scope S_0x12967e0;
T_3 ;
    %wait E_0x12c09e0;
    %set/v v0x12e28c0_0, 0, 32;
T_3.0 ;
    %load/v 8, v0x12e28c0_0, 32;
   %cmpi/s 8, 32, 32;
    %jmp/0xz T_3.1, 5;
    %delay 1, 0;
    %ix/getv/s 3, v0x12e28c0_0;
    %load/av 8, v0x12e1aa0, 16;
    %set/v v0x12e2a40_0, 8, 16;
    %delay 1, 0;
    %vpi_call 2 164 "$display", "%d.\011%x\011\011%o %o %o %o %o\011%b %b %b %b %b %b %b %b %b %b %b %b %b %b %b %b %b\012", v0x12e28c0_0, v0x12e2a40_0, v0x12e23d0_0, v0x12e2940_0, v0x12e2f60_0, v0x12e3210_0, v0x12e2ad0_0, v0x12e2640_0, v0x12e2570_0, v0x12e2c70_0, v0x12e2da0_0, v0x12e1fd0_0, v0x12e3550_0, v0x12e2d20_0, v0x12e32e0_0, v0x12e2740_0, v0x12e27c0_0, v0x12e2840_0, v0x12e26c0_0, v0x12e2bf0_0, v0x12e33d0_0, v0x12e3180_0, v0x12e29c0_0, v0x12e30b0_0;
    %delay 1, 0;
    %vpi_call 2 166 "$display", "\011\011ALU Inputs -- Data1: %x   Data 2: %x   Immediate: %x   stc: %b   stb: %b  carry_in: %b  borrow_in: %b\012", v0x12e2ee0_0, v0x12e3030_0, &PV<v0x12e2ad0_0, 0, 6>, v0x12e33d0_0, v0x12e3180_0, v0x12e21f0_0, v0x12e2050_0;
    %delay 1, 0;
    %vpi_call 2 168 "$display", "\011\011ALU Outputs --- Result: %x\011Carry_out:%b\011Borrow_out: %b\012\012", v0x12e24a0_0, v0x12e22c0_0, v0x12e2120_0;
    %ix/load 0, 1, 0;
    %load/vp0/s 8, v0x12e28c0_0, 32;
    %set/v v0x12e28c0_0, 8, 32;
    %jmp T_3.0;
T_3.1 ;
    %vpi_call 2 173 "$finish";
    %jmp T_3;
    .thread T_3, $push;
# The file index is used to find the file name in the following table.
:file_names 6;
    "N/A";
    "<interactive>";
    "tb_alu.v";
    "../decoder/decoder.v";
    "alu.v";
    "regfile.v";
